2015-01-27T03:40:20  *** Qwybot has joined #qwybot
2015-01-27T03:40:41  *** seagray has joined #qwybot
2015-01-27T03:44:05  <seagray> .dice
2015-01-27T03:44:10  <seagray> .dice help
2015-01-27T03:44:22  <seagray> .dice 1d3
2015-01-27T03:44:35  <seagray> .help
2015-01-27T03:44:39  <seagray> .help dice
2015-01-27T03:49:13  *** qwybot has joined #qwybot
2015-01-27T03:51:30  *** qwybot has joined #qwybot
2015-01-27T03:54:25  *** qwybot has joined #qwybot
2015-01-27T03:57:50  *** qwybot has joined #qwybot
2015-01-27T04:16:06  *** qwybot has joined #qwybot
2015-01-27T04:24:11  *** qwybot has joined #qwybot
2015-01-27T04:25:51  <seagray> .8 how's it going?
2015-01-27T04:25:54  <seagray> .8
2015-01-27T04:25:56  <seagray> .8
2015-01-27T04:26:02  <seagray> .calc 3+2
2015-01-27T04:26:10  <seagray> .t
2015-01-27T04:26:17  <seagray> .countdown
2015-01-27T04:26:30  <seagray> .countdown 2015 01 27
2015-01-27T04:26:39  <seagray> .btc 10
